{"/Users/shaybushary/Desktop/projects/MERN/cengineer/cengineer3-main/client/src/views/dashboard/Dashboard.tsx": {"path":"/Users/shaybushary/Desktop/projects/MERN/cengineer/cengineer3-main/client/src/views/dashboard/Dashboard.tsx","statementMap":{"0":{"start":{"line":13,"column":0},"end":{"line":13,"column":24}},"1":{"start":{"line":3,"column":0},"end":{"line":3,"column":26}},"2":{"start":{"line":4,"column":0},"end":{"line":4,"column":51}},"3":{"start":{"line":14,"column":27},"end":{"line":14,"column":53}},"4":{"start":{"line":15,"column":31},"end":{"line":15,"column":43}},"5":{"start":{"line":17,"column":1},"end":{"line":21,"column":8}},"6":{"start":{"line":18,"column":2},"end":{"line":20,"column":4}},"7":{"start":{"line":19,"column":3},"end":{"line":19,"column":27}},"8":{"start":{"line":23,"column":17},"end":{"line":35,"column":2}},"9":{"start":{"line":24,"column":2},"end":{"line":24,"column":21}},"10":{"start":{"line":25,"column":2},"end":{"line":34,"column":3}},"11":{"start":{"line":26,"column":23},"end":{"line":31,"column":5}},"12":{"start":{"line":32,"column":3},"end":{"line":32,"column":37}},"13":{"start":{"line":33,"column":3},"end":{"line":33,"column":18}},"14":{"start":{"line":37,"column":20},"end":{"line":39,"column":2}},"15":{"start":{"line":38,"column":2},"end":{"line":38,"column":99}},"16":{"start":{"line":38,"column":32},"end":{"line":38,"column":95}},"17":{"start":{"line":41,"column":1},"end":{"line":65,"column":3}},"18":{"start":{"line":50,"column":22},"end":{"line":50,"column":48}},"19":{"start":{"line":58,"column":5},"end":{"line":58,"column":23}},"20":{"start":{"line":59,"column":70},"end":{"line":59,"column":89}}},"fnMap":{"0":{"name":"Dashboard","decl":{"start":{"line":13,"column":24},"end":{"line":13,"column":33}},"loc":{"start":{"line":13,"column":33},"end":{"line":66,"column":1}}},"1":{"name":"(anonymous_1)","decl":{"start":{"line":17,"column":11},"end":{"line":17,"column":14}},"loc":{"start":{"line":17,"column":16},"end":{"line":21,"column":2}}},"2":{"name":"(anonymous_2)","decl":{"start":{"line":18,"column":101},"end":{"line":18,"column":102}},"loc":{"start":{"line":19,"column":3},"end":{"line":19,"column":27}}},"3":{"name":"(anonymous_3)","decl":{"start":{"line":23,"column":17},"end":{"line":23,"column":18}},"loc":{"start":{"line":23,"column":40},"end":{"line":35,"column":2}}},"4":{"name":"(anonymous_4)","decl":{"start":{"line":37,"column":20},"end":{"line":37,"column":21}},"loc":{"start":{"line":37,"column":35},"end":{"line":39,"column":2}}},"5":{"name":"(anonymous_5)","decl":{"start":{"line":38,"column":21},"end":{"line":38,"column":22}},"loc":{"start":{"line":38,"column":32},"end":{"line":38,"column":95}}},"6":{"name":"(anonymous_6)","decl":{"start":{"line":50,"column":15},"end":{"line":50,"column":16}},"loc":{"start":{"line":50,"column":22},"end":{"line":50,"column":48}}},"7":{"name":"(anonymous_7)","decl":{"start":{"line":57,"column":15},"end":{"line":57,"column":16}},"loc":{"start":{"line":58,"column":5},"end":{"line":58,"column":23}}},"8":{"name":"(anonymous_8)","decl":{"start":{"line":59,"column":64},"end":{"line":59,"column":67}},"loc":{"start":{"line":59,"column":70},"end":{"line":59,"column":89}}}},"branchMap":{"0":{"loc":{"start":{"line":25,"column":2},"end":{"line":34,"column":3}},"type":"if","locations":[{"start":{"line":25,"column":2},"end":{"line":34,"column":3}}]},"1":{"loc":{"start":{"line":38,"column":32},"end":{"line":38,"column":95}},"type":"cond-expr","locations":[{"start":{"line":38,"column":49},"end":{"line":38,"column":88}},{"start":{"line":38,"column":91},"end":{"line":38,"column":95}}]},"2":{"loc":{"start":{"line":60,"column":23},"end":{"line":60,"column":59}},"type":"cond-expr","locations":[{"start":{"line":60,"column":40},"end":{"line":60,"column":54}},{"start":{"line":60,"column":57},"end":{"line":60,"column":59}}]}},"s":{"0":1,"1":1,"2":1,"3":9,"4":9,"5":9,"6":3,"7":3,"8":9,"9":1,"10":1,"11":1,"12":1,"13":1,"14":9,"15":1,"16":2,"17":9,"18":1,"19":13,"20":1},"f":{"0":9,"1":3,"2":3,"3":1,"4":1,"5":2,"6":1,"7":13,"8":1},"b":{"0":[1],"1":[1,1],"2":[1,12]}}
,"/Users/shaybushary/Desktop/projects/MERN/cengineer/cengineer3-main/client/src/views/dashboard/mock/todos-mock.data.ts": {"path":"/Users/shaybushary/Desktop/projects/MERN/cengineer/cengineer3-main/client/src/views/dashboard/mock/todos-mock.data.ts","statementMap":{"0":{"start":{"line":3,"column":13},"end":{"line":16,"column":2}}},"fnMap":{},"branchMap":{},"s":{"0":1},"f":{},"b":{}}
}
