TN:
SF:src/views/dashboard/Dashboard.tsx
FN:13,Dashboard
FN:17,(anonymous_1)
FN:18,(anonymous_2)
FN:23,(anonymous_3)
FN:37,(anonymous_4)
FN:38,(anonymous_5)
FN:50,(anonymous_6)
FN:57,(anonymous_7)
FN:59,(anonymous_8)
FNF:9
FNH:9
FNDA:9,Dashboard
FNDA:3,(anonymous_1)
FNDA:3,(anonymous_2)
FNDA:1,(anonymous_3)
FNDA:1,(anonymous_4)
FNDA:2,(anonymous_5)
FNDA:1,(anonymous_6)
FNDA:13,(anonymous_7)
FNDA:1,(anonymous_8)
DA:3,1
DA:4,1
DA:13,1
DA:14,9
DA:15,9
DA:17,9
DA:18,3
DA:19,3
DA:23,9
DA:24,1
DA:25,1
DA:26,1
DA:32,1
DA:33,1
DA:37,9
DA:38,2
DA:41,9
DA:50,1
DA:58,13
DA:59,1
LF:20
LH:20
BRDA:25,0,0,1
BRDA:38,1,0,1
BRDA:38,1,1,1
BRDA:60,2,0,1
BRDA:60,2,1,12
BRF:5
BRH:5
end_of_record
TN:
SF:src/views/dashboard/mock/todos-mock.data.ts
FNF:0
FNH:0
DA:3,1
LF:1
LH:1
BRF:0
BRH:0
end_of_record
